\BOOKMARK [0][-]{section*.2}{\376\377\000S\000U\000N\000S\000E\000T\000-\000c\000o\000d\000e\000\040\000d\000o\000c\000u\000m\000e\000n\000t\000a\000t\000i\000o\000n}{}% 2
\BOOKMARK [1][-]{section*.1}{\376\377\000A\000b\000s\000t\000r\000a\000c\000t}{section*.2}% 1
\BOOKMARK [1][-]{section*.3}{\376\377\000I\000n\000t\000r\000o\000d\000u\000c\000t\000i\000o\000n}{section*.2}% 3
\BOOKMARK [2][-]{section*.4}{\376\377\000K\000e\000y\000\040\000f\000e\000a\000t\000u\000r\000e\000s\000\040\000a\000t\000\040\000a\000\040\000g\000l\000a\000n\000c\000e\000:}{section*.3}% 4
\BOOKMARK [2][-]{section*.5}{\376\377\000A\000\040\000c\000o\000m\000m\000e\000n\000t\000\040\000o\000n\000\040\000n\000o\000t\000a\000t\000i\000o\000n}{section*.3}% 5
\BOOKMARK [1][-]{section*.6}{\376\377\000T\000h\000e\000\040\000G\000o\000v\000e\000r\000n\000i\000n\000g\000\040\000E\000q\000u\000a\000t\000i\000o\000n\000s}{section*.2}% 6
\BOOKMARK [2][-]{section*.7}{\376\377\000E\000v\000a\000l\000u\000a\000t\000i\000o\000n\000\040\000o\000f\000\040\000t\000e\000m\000p\000e\000r\000a\000t\000u\000r\000e\000\040\000a\000n\000d\000\040\000h\000e\000a\000t\000\040\000c\000a\000p\000a\000c\000i\000t\000y}{section*.6}% 7
\BOOKMARK [2][-]{section*.8}{\376\377\000T\000r\000a\000n\000s\000p\000o\000r\000t\000\040\000p\000r\000o\000p\000e\000r\000t\000i\000e\000s}{section*.6}% 8
\BOOKMARK [3][-]{section*.9}{\376\377\000C\000o\000n\000s\000t\000a\000n\000t\000\040\000L\000e\000w\000i\000s\000\040\000n\000u\000m\000b\000e\000r\000s}{section*.8}% 9
\BOOKMARK [3][-]{section*.10}{\376\377\000M\000i\000x\000t\000u\000r\000e\000d\000-\000a\000v\000e\000r\000a\000g\000e\000d\000\040\000t\000r\000a\000n\000s\000p\000o\000r\000t}{section*.8}% 10
\BOOKMARK [2][-]{section*.11}{\376\377\000E\000v\000a\000l\000u\000a\000t\000i\000o\000n\000\040\000o\000f\000\040\000r\000e\000a\000c\000t\000i\000o\000n\000\040\000r\000a\000t\000e\000s}{section*.6}% 11
\BOOKMARK [3][-]{section*.12}{\376\377\000B\000a\000c\000k\000w\000a\000r\000d\000s\000\040\000r\000a\000t\000e\000\040\000c\000o\000n\000s\000t\000a\000n\000t}{section*.11}% 12
\BOOKMARK [3][-]{section*.13}{\376\377\000T\000h\000i\000r\000d\000\040\000b\000o\000d\000i\000e\000s}{section*.11}% 13
\BOOKMARK [3][-]{section*.14}{\376\377\000L\000i\000n\000d\000e\000m\000a\000n\000n\000\040\000f\000o\000r\000m\000s}{section*.11}% 14
\BOOKMARK [1][-]{section*.15}{\376\377\000T\000h\000e\000\040\000N\000u\000m\000e\000r\000i\000c\000a\000l\000\040\000M\000e\000t\000h\000o\000d\000s}{section*.2}% 15
\BOOKMARK [2][-]{section*.16}{\376\377\000E\000v\000a\000l\000u\000a\000t\000i\000o\000n\000\040\000o\000f\000\040\000s\000p\000a\000t\000i\000a\000l\000\040\000d\000e\000r\000i\000v\000a\000t\000i\000v\000e\000s}{section*.15}% 16
\BOOKMARK [2][-]{section*.17}{\376\377\000T\000e\000m\000p\000o\000r\000a\000l\000\040\000i\000n\000t\000e\000g\000r\000a\000t\000i\000o\000n\000\040\000a\000n\000d\000\040\000f\000i\000l\000t\000e\000r\000i\000n\000g}{section*.15}% 17
\BOOKMARK [2][-]{section*.18}{\376\377\000B\000o\000u\000n\000d\000a\000r\000i\000e\000s}{section*.15}% 18
\BOOKMARK [2][-]{section*.19}{\376\377\000P\000a\000r\000a\000l\000l\000e\000l\000i\000s\000a\000t\000i\000o\000n}{section*.15}% 19
\BOOKMARK [1][-]{section*.20}{\376\377\000T\000h\000e\000\040\000C\000o\000d\000e}{section*.2}% 20
\BOOKMARK [2][-]{section*.21}{\376\377\000D\000i\000r\000e\000c\000t\000o\000r\000y\000\040\000s\000t\000r\000u\000c\000t\000u\000r\000e}{section*.20}% 21
\BOOKMARK [2][-]{section*.22}{\376\377\000C\000o\000d\000e\000\040\000s\000t\000r\000u\000c\000t\000u\000r\000e}{section*.20}% 22
\BOOKMARK [2][-]{section*.23}{\376\377\000P\000r\000e\000r\000e\000q\000u\000i\000s\000i\000t\000e\000s}{section*.20}% 23
\BOOKMARK [1][-]{section*.24}{\376\377\000R\000u\000n\000n\000i\000n\000g\000\040\000t\000h\000e\000\040\000c\000o\000d\000e}{section*.2}% 24
\BOOKMARK [2][-]{section*.25}{\376\377\000G\000e\000n\000e\000r\000a\000t\000i\000n\000g\000\040\000t\000h\000e\000\040\000d\000i\000s\000c\000r\000e\000t\000i\000s\000a\000t\000i\000o\000n}{section*.24}% 25
\BOOKMARK [2][-]{section*.26}{\376\377\000C\000o\000n\000t\000r\000o\000l}{section*.24}% 26
\BOOKMARK [3][-]{section*.27}{\376\377\000S\000e\000t\000t\000i\000n\000g\000\040\000t\000h\000e\000\040\000i\000n\000i\000t\000i\000a\000l\000\040\000f\000l\000o\000w\000\040\000f\000i\000e\000l\000d}{section*.26}% 27
\BOOKMARK [2][-]{section*.28}{\376\377\000R\000u\000n\000n\000i\000n\000g\000\040\000f\000r\000o\000m\000\040\000i\000n\000i\000t\000i\000a\000l\000\040\000c\000o\000n\000d\000i\000t\000i\000o\000n\000s}{section*.24}% 28
\BOOKMARK [2][-]{section*.29}{\376\377\000R\000u\000n\000n\000i\000n\000g\000\040\000f\000r\000o\000m\000\040\000a\000\040\000r\000e\000s\000t\000a\000r\000t\000\040\000f\000i\000l\000e}{section*.24}% 29
\BOOKMARK [2][-]{section*.30}{\376\377\000S\000c\000r\000e\000e\000n\000\040\000o\000u\000t\000p\000u\000t}{section*.24}% 30
\BOOKMARK [1][-]{section*.31}{\376\377\000D\000e\000t\000a\000i\000l\000s\000\040\000o\000n\000\040\000g\000e\000n\000e\000r\000a\000t\000i\000n\000g\000\040\000a\000\040\000d\000i\000s\000c\000r\000e\000t\000i\000s\000a\000t\000i\000o\000n}{section*.2}% 31
\BOOKMARK [2][-]{section*.32}{\376\377\000T\000r\000o\000u\000b\000l\000e\000s\000h\000o\000o\000t\000i\000n\000g}{section*.31}% 32
\BOOKMARK [1][-]{section*.33}{\376\377\000R\000e\000f\000e\000r\000e\000n\000c\000e\000s}{section*.2}% 33
